----------

Thu Jan 06 2022 14:18:48 GMT+0800 (China Standard Time)

'C:\Projects\3.' is not recognized as an internal or external command,
operable program or batch file.


----------

Thu Jan 06 2022 14:18:48 GMT+0800 (China Standard Time)

The filename, directory name, or volume label syntax is incorrect.
The system cannot find the path specified.


----------

Thu Jan 06 2022 14:19:35 GMT+0800 (China Standard Time)

'C:\Projects\3.' is not recognized as an internal or external command,
operable program or batch file.


----------

Thu Jan 06 2022 14:19:35 GMT+0800 (China Standard Time)

The filename, directory name, or volume label syntax is incorrect.
The system cannot find the path specified.


----------

Thu Jan 06 2022 14:28:06 GMT+0800 (China Standard Time)

'C:\Projects\3.' is not recognized as an internal or external command,
operable program or batch file.


----------

Thu Jan 06 2022 14:28:06 GMT+0800 (China Standard Time)

The filename, directory name, or volume label syntax is incorrect.
The system cannot find the path specified.


